#
# There is insufficient memory for the Java Runtime Environment to continue.
# Native memory allocation (malloc) failed to allocate 147849216 bytes for committing reserved memory.
# Possible reasons:
#   The system is out of physical RAM or swap space
#   In 32 bit mode, the process size limit was hit
# Possible solutions:
#   Reduce memory load on the system
#   Increase physical memory or swap space
#   Check if swap backing store is full
#   Use 64 bit Java on a 64 bit OS
#   Decrease Java heap size (-Xmx/-Xms)
#   Decrease number of Java threads
#   Decrease Java thread stack sizes (-Xss)
#   Set larger code cache with -XX:ReservedCodeCacheSize=
# This output file may be truncated or incomplete.
#
#  Out of Memory Error (os_linux.cpp:2809), pid=23819, tid=139959270766336
#
# JRE version: OpenJDK Runtime Environment (7.0_79-b14) (build 1.7.0_79-b14)
# Java VM: OpenJDK 64-Bit Server VM (24.79-b02 mixed mode linux-amd64 compressed oops)
# Derivative: IcedTea 2.5.5
# Distribution: Ubuntu Vivid Vervet (development branch), package 7u79-2.5.5-0ubuntu1
# Failed to write core dump. Core dumps have been disabled. To enable core dumping, try "ulimit -c unlimited" before starting Java again
#

---------------  T H R E A D  ---------------

Current thread (0x00007f4ad413e000):  VMThread [stack: 0x00007f4ace8df000,0x00007f4ace9e0000] [id=23855]

Stack: [0x00007f4ace8df000,0x00007f4ace9e0000],  sp=0x00007f4ace9de4e0,  free space=1021k
Native frames: (J=compiled Java code, j=interpreted, Vv=VM code, C=native code)
V  [libjvm.so+0x98a0f6]  VMError::report_and_die()+0x186
V  [libjvm.so+0x48f8e2]  report_vm_out_of_memory(char const*, int, unsigned long, char const*)+0x92
V  [libjvm.so+0x7fd51b]  os::pd_commit_memory(char*, unsigned long, unsigned long, bool)+0xeb
V  [libjvm.so+0x7f7bfe]  os::commit_memory(char*, unsigned long, unsigned long, bool)+0x2e
V  [libjvm.so+0x86a51b]  PSVirtualSpace::expand_by(unsigned long)+0x5b
V  [libjvm.so+0x86b3c3]  PSYoungGen::resize_generation(unsigned long, unsigned long)+0xd3
V  [libjvm.so+0x86badb]  PSYoungGen::resize(unsigned long, unsigned long)+0x1b
V  [libjvm.so+0x8674e9]  PSScavenge::invoke_no_policy()+0xdc9
V  [libjvm.so+0x867cc8]  PSScavenge::invoke()+0x38
V  [libjvm.so+0x81fb23]  ParallelScavengeHeap::failed_mem_allocate(unsigned long)+0x63
V  [libjvm.so+0x98b9c2]  VM_ParallelGCFailedAllocation::doit()+0x92
V  [libjvm.so+0x990277]  VM_Operation::evaluate()+0x47
V  [libjvm.so+0x98e85b]  VMThread::evaluate_operation(VM_Operation*)+0xab
V  [libjvm.so+0x98ef06]  VMThread::loop()+0x1e6
V  [libjvm.so+0x98f3d1]  VMThread::run()+0x81
V  [libjvm.so+0x7fa442]  java_start(Thread*)+0xf2

VM_Operation (0x00007f4adad44e30): ParallelGCFailedAllocation, mode: safepoint, requested by thread 0x00007f4ad400b000


---------------  P R O C E S S  ---------------

Java Threads: ( => current thread )
  0x00007f4ad41d1800 JavaThread "Service Thread" daemon [_thread_blocked, id=23881, stack(0x00007f4acd078000,0x00007f4acd179000)]
  0x00007f4ad41c8800 JavaThread "C2 CompilerThread1" daemon [_thread_blocked, id=23872, stack(0x00007f4acd179000,0x00007f4acd27a000)]
  0x00007f4ad41c6800 JavaThread "C2 CompilerThread0" daemon [_thread_blocked, id=23869, stack(0x00007f4acd27a000,0x00007f4acd37b000)]
  0x00007f4ad416f000 JavaThread "Signal Dispatcher" daemon [_thread_blocked, id=23866, stack(0x00007f4acdefa000,0x00007f4acdffb000)]
  0x00007f4ad4144800 JavaThread "Finalizer" daemon [_thread_blocked, id=23861, stack(0x00007f4ace6dd000,0x00007f4ace7de000)]
  0x00007f4ad4142800 JavaThread "Reference Handler" daemon [_thread_blocked, id=23860, stack(0x00007f4ace7de000,0x00007f4ace8df000)]
  0x00007f4ad400b000 JavaThread "main" [_thread_blocked, id=23833, stack(0x00007f4adac46000,0x00007f4adad47000)]

Other Threads:
=>0x00007f4ad413e000 VMThread [stack: 0x00007f4ace8df000,0x00007f4ace9e0000] [id=23855]
  0x00007f4ad41dc800 WatcherThread [stack: 0x00007f4accf77000,0x00007f4acd078000] [id=23883]

VM state:at safepoint (normal execution)

VM Mutex/Monitor currently owned by a thread:  ([mutex/lock_event])
[0x00007f4ad4007950] Threads_lock - owner thread: 0x00007f4ad413e000
[0x00007f4ad4007e50] Heap_lock - owner thread: 0x00007f4ad400b000

Heap
 PSYoungGen      total 140288K, used 15845K [0x00000000eaa80000, 0x00000000f4580000, 0x0000000100000000)
  eden space 124416K, 0% used [0x00000000eaa80000,0x00000000eaa80000,0x00000000f2400000)
  from space 15872K, 99% used [0x00000000f2400000,0x00000000f3379570,0x00000000f3380000)
  to   space 13312K, 0% used [0x00000000f3380000,0x00000000f3380000,0x00000000f4080000)
 ParOldGen       total 40960K, used 40329K [0x00000000c0000000, 0x00000000c2800000, 0x00000000eaa80000)
  object space 40960K, 98% used [0x00000000c0000000,0x00000000c2762700,0x00000000c2800000)
 PSPermGen       total 21504K, used 6067K [0x00000000b5a00000, 0x00000000b6f00000, 0x00000000c0000000)
  object space 21504K, 28% used [0x00000000b5a00000,0x00000000b5fecfb0,0x00000000b6f00000)

Card table byte_map: [0x00007f4ad0367000,0x00007f4ad05bb000] byte_map_base: 0x00007f4acfdba000

Polling page: 0x00007f4adad65000

Code Cache  [0x00007f4ad05bb000, 0x00007f4ad088b000, 0x00007f4ad35bb000)
 total_blobs=887 nmethods=657 adapters=183 free_code_cache=46438Kb largest_free_block=47433472

Compilation events (10 events):
Event: 12.705 Thread 0x00007f4ad41c6800 nmethod 674 0x00007f4ad0829f10 code [0x00007f4ad082a120, 0x00007f4ad082a670]
Event: 12.705 Thread 0x00007f4ad41c6800  675             com.android.dx.rop.code.AccessFlags::isStatic (13 bytes)
Event: 12.705 Thread 0x00007f4ad41c6800 nmethod 675 0x00007f4ad06f8510 code [0x00007f4ad06f8640, 0x00007f4ad06f8698]
Event: 12.705 Thread 0x00007f4ad41c6800  676             com.android.dx.util.BitIntSet$1::hasNext (13 bytes)
Event: 12.706 Thread 0x00007f4ad41c6800 nmethod 676 0x00007f4ad0770d10 code [0x00007f4ad0770e40, 0x00007f4ad0770e98]
Event: 12.750 Thread 0x00007f4ad41c6800  677             com.android.dx.ssa.BasicRegisterMapper::oldToNew (22 bytes)
Event: 12.751 Thread 0x00007f4ad41c6800 nmethod 677 0x00007f4ad076fd10 code [0x00007f4ad076fe60, 0x00007f4ad076ff18]
Event: 12.765 Thread 0x00007f4ad41c8800 nmethod 668 0x00007f4ad086c190 code [0x00007f4ad086de20, 0x00007f4ad0875060]
Event: 12.779 Thread 0x00007f4ad41c6800  678             com.android.dx.rop.cst.CstNat::isInstanceInit (13 bytes)
Event: 12.780 Thread 0x00007f4ad41c6800 nmethod 678 0x00007f4ad0770990 code [0x00007f4ad0770ae0, 0x00007f4ad0770c38]

GC Heap History (10 events):
Event: 3.468 GC heap after
Heap after GC invocations=2 (full 0):
 PSYoungGen      total 34304K, used 2538K [0x00000000eaa80000, 0x00000000ece80000, 0x0000000100000000)
  eden space 31744K, 0% used [0x00000000eaa80000,0x00000000eaa80000,0x00000000ec980000)
  from space 2560K, 99% used [0x00000000ecc00000,0x00000000ece7aaa0,0x00000000ece80000)
  to   space 2560K, 0% used [0x00000000ec980000,0x00000000ec980000,0x00000000ecc00000)
 ParOldGen       total 40960K, used 3276K [0x00000000c0000000, 0x00000000c2800000, 0x00000000eaa80000)
  object space 40960K, 7% used [0x00000000c0000000,0x00000000c0333330,0x00000000c2800000)
 PSPermGen       total 21504K, used 5784K [0x00000000b5a00000, 0x00000000b6f00000, 0x00000000c0000000)
  object space 21504K, 26% used [0x00000000b5a00000,0x00000000b5fa6138,0x00000000b6f00000)
}
Event: 5.957 GC heap before
{Heap before GC invocations=3 (full 0):
 PSYoungGen      total 34304K, used 34282K [0x00000000eaa80000, 0x00000000ece80000, 0x0000000100000000)
  eden space 31744K, 100% used [0x00000000eaa80000,0x00000000ec980000,0x00000000ec980000)
  from space 2560K, 99% used [0x00000000ecc00000,0x00000000ece7aaa0,0x00000000ece80000)
  to   space 2560K, 0% used [0x00000000ec980000,0x00000000ec980000,0x00000000ecc00000)
 ParOldGen       total 40960K, used 3276K [0x00000000c0000000, 0x00000000c2800000, 0x00000000eaa80000)
  object space 40960K, 7% used [0x00000000c0000000,0x00000000c0333330,0x00000000c2800000)
 PSPermGen       total 21504K, used 5859K [0x00000000b5a00000, 0x00000000b6f00000, 0x00000000c0000000)
  object space 21504K, 27% used [0x00000000b5a00000,0x00000000b5fb8e28,0x00000000b6f00000)
Event: 6.000 GC heap after
Heap after GC invocations=3 (full 0):
 PSYoungGen      total 34304K, used 2560K [0x00000000eaa80000, 0x00000000eed80000, 0x0000000100000000)
  eden space 31744K, 0% used [0x00000000eaa80000,0x00000000eaa80000,0x00000000ec980000)
  from space 2560K, 100% used [0x00000000ec980000,0x00000000ecc00000,0x00000000ecc00000)
  to   space 2560K, 0% used [0x00000000eeb00000,0x00000000eeb00000,0x00000000eed80000)
 ParOldGen       total 40960K, used 8174K [0x00000000c0000000, 0x00000000c2800000, 0x00000000eaa80000)
  object space 40960K, 19% used [0x00000000c0000000,0x00000000c07fba20,0x00000000c2800000)
 PSPermGen       total 21504K, used 5859K [0x00000000b5a00000, 0x00000000b6f00000, 0x00000000c0000000)
  object space 21504K, 27% used [0x00000000b5a00000,0x00000000b5fb8e28,0x00000000b6f00000)
}
Event: 7.916 GC heap before
{Heap before GC invocations=4 (full 0):
 PSYoungGen      total 34304K, used 34304K [0x00000000eaa80000, 0x00000000eed80000, 0x0000000100000000)
  eden space 31744K, 100% used [0x00000000eaa80000,0x00000000ec980000,0x00000000ec980000)
  from space 2560K, 100% used [0x00000000ec980000,0x00000000ecc00000,0x00000000ecc00000)
  to   space 2560K, 0% used [0x00000000eeb00000,0x00000000eeb00000,0x00000000eed80000)
 ParOldGen       total 40960K, used 8174K [0x00000000c0000000, 0x00000000c2800000, 0x00000000eaa80000)
  object space 40960K, 19% used [0x00000000c0000000,0x00000000c07fba20,0x00000000c2800000)
 PSPermGen       total 21504K, used 5930K [0x00000000b5a00000, 0x00000000b6f00000, 0x00000000c0000000)
  object space 21504K, 27% used [0x00000000b5a00000,0x00000000b5fca878,0x00000000b6f00000)
Event: 7.997 GC heap after
Heap after GC invocations=4 (full 0):
 PSYoungGen      total 66048K, used 2547K [0x00000000eaa80000, 0x00000000eed80000, 0x0000000100000000)
  eden space 63488K, 0% used [0x00000000eaa80000,0x00000000eaa80000,0x00000000ee880000)
  from space 2560K, 99% used [0x00000000eeb00000,0x00000000eed7cef8,0x00000000eed80000)
  to   space 2560K, 0% used [0x00000000ee880000,0x00000000ee880000,0x00000000eeb00000)
 ParOldGen       total 40960K, used 13472K [0x00000000c0000000, 0x00000000c2800000, 0x00000000eaa80000)
  object space 40960K, 32% used [0x00000000c0000000,0x00000000c0d28048,0x00000000c2800000)
 PSPermGen       total 21504K, used 5930K [0x00000000b5a00000, 0x00000000b6f00000, 0x00000000c0000000)
  object space 21504K, 27% used [0x00000000b5a00000,0x00000000b5fca878,0x00000000b6f00000)
}
Event: 10.687 GC heap before
{Heap before GC invocations=5 (full 0):
 PSYoungGen      total 66048K, used 66035K [0x00000000eaa80000, 0x00000000eed80000, 0x0000000100000000)
  eden space 63488K, 100% used [0x00000000eaa80000,0x00000000ee880000,0x00000000ee880000)
  from space 2560K, 99% used [0x00000000eeb00000,0x00000000eed7cef8,0x00000000eed80000)
  to   space 2560K, 0% used [0x00000000ee880000,0x00000000ee880000,0x00000000eeb00000)
 ParOldGen       total 40960K, used 13472K [0x00000000c0000000, 0x00000000c2800000, 0x00000000eaa80000)
  object space 40960K, 32% used [0x00000000c0000000,0x00000000c0d28048,0x00000000c2800000)
 PSPermGen       total 21504K, used 5979K [0x00000000b5a00000, 0x00000000b6f00000, 0x00000000c0000000)
  object space 21504K, 27% used [0x00000000b5a00000,0x00000000b5fd6e00,0x00000000b6f00000)
Event: 10.742 GC heap after
Heap after GC invocations=5 (full 0):
 PSYoungGen      total 66048K, used 2557K [0x00000000eaa80000, 0x00000000f4080000, 0x0000000100000000)
  eden space 63488K, 0% used [0x00000000eaa80000,0x00000000eaa80000,0x00000000ee880000)
  from space 2560K, 99% used [0x00000000ee880000,0x00000000eeaff720,0x00000000eeb00000)
  to   space 13312K, 0% used [0x00000000f3380000,0x00000000f3380000,0x00000000f4080000)
 ParOldGen       total 40960K, used 23442K [0x00000000c0000000, 0x00000000c2800000, 0x00000000eaa80000)
  object space 40960K, 57% used [0x00000000c0000000,0x00000000c16e49b0,0x00000000c2800000)
 PSPermGen       total 21504K, used 5979K [0x00000000b5a00000, 0x00000000b6f00000, 0x00000000c0000000)
  object space 21504K, 27% used [0x00000000b5a00000,0x00000000b5fd6e00,0x00000000b6f00000)
}
Event: 11.586 GC heap before
{Heap before GC invocations=6 (full 0):
 PSYoungGen      total 66048K, used 66045K [0x00000000eaa80000, 0x00000000f4080000, 0x0000000100000000)
  eden space 63488K, 100% used [0x00000000eaa80000,0x00000000ee880000,0x00000000ee880000)
  from space 2560K, 99% used [0x00000000ee880000,0x00000000eeaff720,0x00000000eeb00000)
  to   space 13312K, 0% used [0x00000000f3380000,0x00000000f3380000,0x00000000f4080000)
 ParOldGen       total 40960K, used 23442K [0x00000000c0000000, 0x00000000c2800000, 0x00000000eaa80000)
  object space 40960K, 57% used [0x00000000c0000000,0x00000000c16e49b0,0x00000000c2800000)
 PSPermGen       total 21504K, used 6001K [0x00000000b5a00000, 0x00000000b6f00000, 0x00000000c0000000)
  object space 21504K, 27% used [0x00000000b5a00000,0x00000000b5fdc770,0x00000000b6f00000)
Event: 11.648 GC heap after
Heap after GC invocations=6 (full 0):
 PSYoungGen      total 137728K, used 13172K [0x00000000eaa80000, 0x00000000f4580000, 0x0000000100000000)
  eden space 124416K, 0% used [0x00000000eaa80000,0x00000000eaa80000,0x00000000f2400000)
  from space 13312K, 98% used [0x00000000f3380000,0x00000000f405d1b0,0x00000000f4080000)
  to   space 15872K, 0% used [0x00000000f2400000,0x00000000f2400000,0x00000000f3380000)
 ParOldGen       total 40960K, used 23442K [0x00000000c0000000, 0x00000000c2800000, 0x00000000eaa80000)
  object space 40960K, 57% used [0x00000000c0000000,0x00000000c16e49b0,0x00000000c2800000)
 PSPermGen       total 21504K, used 6001K [0x00000000b5a00000, 0x00000000b6f00000, 0x00000000c0000000)
  object space 21504K, 27% used [0x00000000b5a00000,0x00000000b5fdc770,0x00000000b6f00000)
}
Event: 12.791 GC heap before
{Heap before GC invocations=7 (full 0):
 PSYoungGen      total 137728K, used 137588K [0x00000000eaa80000, 0x00000000f4580000, 0x0000000100000000)
  eden space 124416K, 100% used [0x00000000eaa80000,0x00000000f2400000,0x00000000f2400000)
  from space 13312K, 98% used [0x00000000f3380000,0x00000000f405d1b0,0x00000000f4080000)
  to   space 15872K, 0% used [0x00000000f2400000,0x00000000f2400000,0x00000000f3380000)
 ParOldGen       total 40960K, used 23442K [0x00000000c0000000, 0x00000000c2800000, 0x00000000eaa80000)
  object space 40960K, 57% used [0x00000000c0000000,0x00000000c16e49b0,0x00000000c2800000)
 PSPermGen       total 21504K, used 6067K [0x00000000b5a00000, 0x00000000b6f00000, 0x00000000c0000000)
  object space 21504K, 28% used [0x00000000b5a00000,0x00000000b5fecfb0,0x00000000b6f00000)

Deoptimization events (10 events):
Event: 11.961 Thread 0x00007f4ad400b000 Uncommon trap: reason=bimorphic action=maybe_recompile pc=0x00007f4ad083a768 method=com.android.dx.cf.code.BytecodeArray.parseInstruction(ILcom/android/dx/cf/code/BytecodeArray$Visitor;)I @ 955
Event: 12.184 Thread 0x00007f4ad400b000 Uncommon trap: reason=unreached action=reinterpret pc=0x00007f4ad0711f10 method=com.android.dx.cf.direct.StdAttributeFactory.parse0(Lcom/android/dx/cf/direct/DirectClassFile;ILjava/lang/String;IILcom/android/dx/cf/iface/ParseObserver;)Lcom/android/dx/cf/i
Event: 12.319 Thread 0x00007f4ad400b000 Uncommon trap: reason=unreached action=reinterpret pc=0x00007f4ad06ea06c method=com.android.dx.ssa.MoveParamCombiner$1.visitNonMoveInsn(Lcom/android/dx/ssa/NormalSsaInsn;)V @ 27
Event: 12.343 Thread 0x00007f4ad400b000 Uncommon trap: reason=bimorphic action=maybe_recompile pc=0x00007f4ad0854e54 method=com.android.dx.cf.code.BytecodeArray.parseInstruction(ILcom/android/dx/cf/code/BytecodeArray$Visitor;)I @ 1357
Event: 12.343 Thread 0x00007f4ad400b000 Uncommon trap: reason=bimorphic action=maybe_recompile pc=0x00007f4ad0854e54 method=com.android.dx.cf.code.BytecodeArray.parseInstruction(ILcom/android/dx/cf/code/BytecodeArray$Visitor;)I @ 1357
Event: 12.399 Thread 0x00007f4ad400b000 Uncommon trap: reason=bimorphic action=maybe_recompile pc=0x00007f4ad07007cc method=com.android.dx.ssa.LiteralOpUpgrader.tryReplacingWithConstant(Lcom/android/dx/ssa/NormalSsaInsn;)Z @ 62
Event: 12.401 Thread 0x00007f4ad400b000 Uncommon trap: reason=class_check action=maybe_recompile pc=0x00007f4ad0698408 method=com.android.dx.ssa.back.FirstFitLocalCombiningAllocator.findNextUnreservedRopReg(IILcom/android/dx/ssa/back/FirstFitLocalCombiningAllocator$Alignment;)I @ 60
Event: 12.402 Thread 0x00007f4ad400b000 Uncommon trap: reason=class_check action=maybe_recompile pc=0x00007f4ad0698408 method=com.android.dx.ssa.back.FirstFitLocalCombiningAllocator.findNextUnreservedRopReg(IILcom/android/dx/ssa/back/FirstFitLocalCombiningAllocator$Alignment;)I @ 60
Event: 12.402 Thread 0x00007f4ad400b000 Uncommon trap: reason=class_check action=maybe_recompile pc=0x00007f4ad0698408 method=com.android.dx.ssa.back.FirstFitLocalCombiningAllocator.findNextUnreservedRopReg(IILcom/android/dx/ssa/back/FirstFitLocalCombiningAllocator$Alignment;)I @ 60
Event: 12.404 Thread 0x00007f4ad400b000 Uncommon trap: reason=bimorphic action=maybe_recompile pc=0x00007f4ad07007cc method=com.android.dx.ssa.LiteralOpUpgrader.tryReplacingWithConstant(Lcom/android/dx/ssa/NormalSsaInsn;)Z @ 62

Internal exceptions (10 events):
Event: 7.642 Thread 0x00007f4ad400b000 Threw 0x00000000ec4df3c0 at /build/buildd/openjdk-7-7u79-2.5.5/build/openjdk/hotspot/src/share/vm/prims/jvm.cpp:1284
Event: 7.643 Thread 0x00007f4ad400b000 Threw 0x00000000ec4e21a0 at /build/buildd/openjdk-7-7u79-2.5.5/build/openjdk/hotspot/src/share/vm/prims/jvm.cpp:1284
Event: 7.643 Thread 0x00007f4ad400b000 Threw 0x00000000ec4e5f78 at /build/buildd/openjdk-7-7u79-2.5.5/build/openjdk/hotspot/src/share/vm/prims/jvm.cpp:1284
Event: 7.763 Thread 0x00007f4ad400b000 Threw 0x00000000ec693518 at /build/buildd/openjdk-7-7u79-2.5.5/build/openjdk/hotspot/src/share/vm/prims/jvm.cpp:1284
Event: 7.792 Thread 0x00007f4ad400b000 Threw 0x00000000ec6f8bd0 at /build/buildd/openjdk-7-7u79-2.5.5/build/openjdk/hotspot/src/share/vm/prims/jvm.cpp:1284
Event: 7.793 Thread 0x00007f4ad400b000 Threw 0x00000000ec6fbdf0 at /build/buildd/openjdk-7-7u79-2.5.5/build/openjdk/hotspot/src/share/vm/prims/jvm.cpp:1284
Event: 7.818 Thread 0x00007f4ad400b000 Threw 0x00000000ec714028 at /build/buildd/openjdk-7-7u79-2.5.5/build/openjdk/hotspot/src/share/vm/prims/jvm.cpp:1284
Event: 7.819 Thread 0x00007f4ad400b000 Threw 0x00000000ec71b670 at /build/buildd/openjdk-7-7u79-2.5.5/build/openjdk/hotspot/src/share/vm/prims/jvm.cpp:1284
Event: 7.823 Thread 0x00007f4ad400b000 Threw 0x00000000ec722968 at /build/buildd/openjdk-7-7u79-2.5.5/build/openjdk/hotspot/src/share/vm/prims/jvm.cpp:1284
Event: 11.039 Thread 0x00007f4ad400b000 Threw 0x00000000eb82d820 at /build/buildd/openjdk-7-7u79-2.5.5/build/openjdk/hotspot/src/share/vm/prims/jvm.cpp:1284

Events (10 events):
Event: 12.402 Thread 0x00007f4ad400b000 Uncommon trap: trap_request=0xffffffde fr.pc=0x00007f4ad0698408
Event: 12.402 Thread 0x00007f4ad400b000 DEOPT PACKING pc=0x00007f4ad0698408 sp=0x00007f4adad44e70
Event: 12.402 Thread 0x00007f4ad400b000 DEOPT UNPACKING pc=0x00007f4ad05f4445 sp=0x00007f4adad44e08 mode 2
Event: 12.402 Thread 0x00007f4ad400b000 Uncommon trap: trap_request=0xffffffde fr.pc=0x00007f4ad0698408
Event: 12.402 Thread 0x00007f4ad400b000 DEOPT PACKING pc=0x00007f4ad0698408 sp=0x00007f4adad44e70
Event: 12.402 Thread 0x00007f4ad400b000 DEOPT UNPACKING pc=0x00007f4ad05f4445 sp=0x00007f4adad44e08 mode 2
Event: 12.404 Thread 0x00007f4ad400b000 Uncommon trap: trap_request=0xffffffc6 fr.pc=0x00007f4ad07007cc
Event: 12.404 Thread 0x00007f4ad400b000 DEOPT PACKING pc=0x00007f4ad07007cc sp=0x00007f4adad44e10
Event: 12.404 Thread 0x00007f4ad400b000 DEOPT UNPACKING pc=0x00007f4ad05f4445 sp=0x00007f4adad44cd8 mode 2
Event: 12.791 Executing VM operation: ParallelGCFailedAllocation


Dynamic libraries:
00400000-00401000 r-xp 00000000 08:06 270709                             /usr/lib/jvm/java-7-openjdk-amd64/jre/bin/java
00600000-00601000 r--p 00000000 08:06 270709                             /usr/lib/jvm/java-7-openjdk-amd64/jre/bin/java
00601000-00602000 rw-p 00001000 08:06 270709                             /usr/lib/jvm/java-7-openjdk-amd64/jre/bin/java
01ffe000-0201f000 rw-p 00000000 00:00 0                                  [heap]
b5a00000-b6f00000 rw-p 00000000 00:00 0 
b6f00000-c0000000 rw-p 00000000 00:00 0 
c0000000-c2800000 rw-p 00000000 00:00 0 
c2800000-eaa80000 rw-p 00000000 00:00 0 
eaa80000-f4580000 rw-p 00000000 00:00 0 
fd280000-100000000 rw-p 00000000 00:00 0 
7f4a90000000-7f4a90021000 rw-p 00000000 00:00 0 
7f4a90021000-7f4a94000000 ---p 00000000 00:00 0 
7f4a98000000-7f4a993cf000 rw-p 00000000 00:00 0 
7f4a993cf000-7f4a9c000000 ---p 00000000 00:00 0 
7f4a9c000000-7f4a9c021000 rw-p 00000000 00:00 0 
7f4a9c021000-7f4aa0000000 ---p 00000000 00:00 0 
7f4aa0000000-7f4aa0021000 rw-p 00000000 00:00 0 
7f4aa0021000-7f4aa4000000 ---p 00000000 00:00 0 
7f4aa4000000-7f4aa4fbc000 rw-p 00000000 00:00 0 
7f4aa4fbc000-7f4aa8000000 ---p 00000000 00:00 0 
7f4aa8000000-7f4aa8021000 rw-p 00000000 00:00 0 
7f4aa8021000-7f4aac000000 ---p 00000000 00:00 0 
7f4aac000000-7f4aac021000 rw-p 00000000 00:00 0 
7f4aac021000-7f4ab0000000 ---p 00000000 00:00 0 
7f4ab0000000-7f4ab0021000 rw-p 00000000 00:00 0 
7f4ab0021000-7f4ab4000000 ---p 00000000 00:00 0 
7f4ab4000000-7f4ab423f000 rw-p 00000000 00:00 0 
7f4ab423f000-7f4ab8000000 ---p 00000000 00:00 0 
7f4ab8000000-7f4ab8021000 rw-p 00000000 00:00 0 
7f4ab8021000-7f4abc000000 ---p 00000000 00:00 0 
7f4ac0000000-7f4ac0021000 rw-p 00000000 00:00 0 
7f4ac0021000-7f4ac4000000 ---p 00000000 00:00 0 
7f4ac4f1a000-7f4ac521b000 rw-p 00000000 00:00 0 
7f4ac521b000-7f4ac5287000 r-xp 00000000 08:06 2363925                    /lib/x86_64-linux-gnu/libpcre.so.3.13.1
7f4ac5287000-7f4ac5486000 ---p 0006c000 08:06 2363925                    /lib/x86_64-linux-gnu/libpcre.so.3.13.1
7f4ac5486000-7f4ac5487000 r--p 0006b000 08:06 2363925                    /lib/x86_64-linux-gnu/libpcre.so.3.13.1
7f4ac5487000-7f4ac5488000 rw-p 0006c000 08:06 2363925                    /lib/x86_64-linux-gnu/libpcre.so.3.13.1
7f4ac5488000-7f4ac548f000 r-xp 00000000 08:06 1058858                    /usr/lib/x86_64-linux-gnu/libffi.so.6.0.4
7f4ac548f000-7f4ac568e000 ---p 00007000 08:06 1058858                    /usr/lib/x86_64-linux-gnu/libffi.so.6.0.4
7f4ac568e000-7f4ac568f000 r--p 00006000 08:06 1058858                    /usr/lib/x86_64-linux-gnu/libffi.so.6.0.4
7f4ac568f000-7f4ac5690000 rw-p 00007000 08:06 1058858                    /usr/lib/x86_64-linux-gnu/libffi.so.6.0.4
7f4ac5690000-7f4ac56a7000 r-xp 00000000 08:06 2363948                    /lib/x86_64-linux-gnu/libresolv-2.21.so
7f4ac56a7000-7f4ac58a7000 ---p 00017000 08:06 2363948                    /lib/x86_64-linux-gnu/libresolv-2.21.so
7f4ac58a7000-7f4ac58a9000 r--p 00017000 08:06 2363948                    /lib/x86_64-linux-gnu/libresolv-2.21.so
7f4ac58a9000-7f4ac58aa000 rw-p 00019000 08:06 2363948                    /lib/x86_64-linux-gnu/libresolv-2.21.so
7f4ac58aa000-7f4ac58ac000 rw-p 00000000 00:00 0 
7f4ac58ac000-7f4ac58cd000 r-xp 00000000 08:06 2363952                    /lib/x86_64-linux-gnu/libselinux.so.1
7f4ac58cd000-7f4ac5acc000 ---p 00021000 08:06 2363952                    /lib/x86_64-linux-gnu/libselinux.so.1
7f4ac5acc000-7f4ac5acd000 r--p 00020000 08:06 2363952                    /lib/x86_64-linux-gnu/libselinux.so.1
7f4ac5acd000-7f4ac5ace000 rw-p 00021000 08:06 2363952                    /lib/x86_64-linux-gnu/libselinux.so.1
7f4ac5ace000-7f4ac8000000 rw-p 00000000 00:00 0 
7f4ac8000000-7f4ac8021000 rw-p 00000000 00:00 0 
7f4ac8021000-7f4acc000000 ---p 00000000 00:00 0 
7f4acc04e000-7f4acc051000 r-xp 00000000 08:06 1048999                    /usr/lib/x86_64-linux-gnu/libgmodule-2.0.so.0.4400.1
7f4acc051000-7f4acc250000 ---p 00003000 08:06 1048999                    /usr/lib/x86_64-linux-gnu/libgmodule-2.0.so.0.4400.1
7f4acc250000-7f4acc251000 r--p 00002000 08:06 1048999                    /usr/lib/x86_64-linux-gnu/libgmodule-2.0.so.0.4400.1
7f4acc251000-7f4acc252000 rw-p 00003000 08:06 1048999                    /usr/lib/x86_64-linux-gnu/libgmodule-2.0.so.0.4400.1
7f4acc252000-7f4acc35f000 r-xp 00000000 08:06 2360340                    /lib/x86_64-linux-gnu/libglib-2.0.so.0.4400.1
7f4acc35f000-7f4acc55e000 ---p 0010d000 08:06 2360340                    /lib/x86_64-linux-gnu/libglib-2.0.so.0.4400.1
7f4acc55e000-7f4acc55f000 r--p 0010c000 08:06 2360340                    /lib/x86_64-linux-gnu/libglib-2.0.so.0.4400.1
7f4acc55f000-7f4acc560000 rw-p 0010d000 08:06 2360340                    /lib/x86_64-linux-gnu/libglib-2.0.so.0.4400.1
7f4acc560000-7f4acc561000 rw-p 00000000 00:00 0 
7f4acc561000-7f4acc5b1000 r-xp 00000000 08:06 1048959                    /usr/lib/x86_64-linux-gnu/libgobject-2.0.so.0.4400.1
7f4acc5b1000-7f4acc7b1000 ---p 00050000 08:06 1048959                    /usr/lib/x86_64-linux-gnu/libgobject-2.0.so.0.4400.1
7f4acc7b1000-7f4acc7b2000 r--p 00050000 08:06 1048959                    /usr/lib/x86_64-linux-gnu/libgobject-2.0.so.0.4400.1
7f4acc7b2000-7f4acc7b3000 rw-p 00051000 08:06 1048959                    /usr/lib/x86_64-linux-gnu/libgobject-2.0.so.0.4400.1
7f4acc7b3000-7f4acc92b000 r-xp 00000000 08:06 1048981                    /usr/lib/x86_64-linux-gnu/libgio-2.0.so.0.4400.1
7f4acc92b000-7f4accb2b000 ---p 00178000 08:06 1048981                    /usr/lib/x86_64-linux-gnu/libgio-2.0.so.0.4400.1
7f4accb2b000-7f4accb2f000 r--p 00178000 08:06 1048981                    /usr/lib/x86_64-linux-gnu/libgio-2.0.so.0.4400.1
7f4accb2f000-7f4accb31000 rw-p 0017c000 08:06 1048981                    /usr/lib/x86_64-linux-gnu/libgio-2.0.so.0.4400.1
7f4accb31000-7f4accb33000 rw-p 00000000 00:00 0 
7f4accb4d000-7f4accb64000 r-xp 00000000 08:06 7203                       /usr/lib/jvm/java-7-openjdk-amd64/jre/lib/amd64/libnet.so
7f4accb64000-7f4accd63000 ---p 00017000 08:06 7203                       /usr/lib/jvm/java-7-openjdk-amd64/jre/lib/amd64/libnet.so
7f4accd63000-7f4accd64000 r--p 00016000 08:06 7203                       /usr/lib/jvm/java-7-openjdk-amd64/jre/lib/amd64/libnet.so
7f4accd64000-7f4accd65000 rw-p 00017000 08:06 7203                       /usr/lib/jvm/java-7-openjdk-amd64/jre/lib/amd64/libnet.so
7f4accd65000-7f4accd76000 r-xp 00000000 08:06 7193                       /usr/lib/jvm/java-7-openjdk-amd64/jre/lib/amd64/libnio.so
7f4accd76000-7f4accf75000 ---p 00011000 08:06 7193                       /usr/lib/jvm/java-7-openjdk-amd64/jre/lib/amd64/libnio.so
7f4accf75000-7f4accf76000 r--p 00010000 08:06 7193                       /usr/lib/jvm/java-7-openjdk-amd64/jre/lib/amd64/libnio.so
7f4accf76000-7f4accf77000 rw-p 00011000 08:06 7193                       /usr/lib/jvm/java-7-openjdk-amd64/jre/lib/amd64/libnio.so
7f4accf77000-7f4accf78000 ---p 00000000 00:00 0 
7f4accf78000-7f4acd078000 rw-p 00000000 00:00 0                          [stack:23883]
7f4acd078000-7f4acd07b000 ---p 00000000 00:00 0 
7f4acd07b000-7f4acd179000 rw-p 00000000 00:00 0                          [stack:23881]
7f4acd179000-7f4acd17c000 ---p 00000000 00:00 0 
7f4acd17c000-7f4acd27a000 rw-p 00000000 00:00 0                          [stack:23872]
7f4acd27a000-7f4acd27d000 ---p 00000000 00:00 0 
7f4acd27d000-7f4acd37b000 rw-p 00000000 00:00 0                          [stack:23869]
7f4acd37b000-7f4acd380000 r-xp 00000000 08:06 1058550                    /usr/lib/x86_64-linux-gnu/libXdmcp.so.6.0.0
7f4acd380000-7f4acd57f000 ---p 00005000 08:06 1058550                    /usr/lib/x86_64-linux-gnu/libXdmcp.so.6.0.0
7f4acd57f000-7f4acd580000 r--p 00004000 08:06 1058550                    /usr/lib/x86_64-linux-gnu/libXdmcp.so.6.0.0
7f4acd580000-7f4acd581000 rw-p 00005000 08:06 1058550                    /usr/lib/x86_64-linux-gnu/libXdmcp.so.6.0.0
7f4acd581000-7f4acd583000 r-xp 00000000 08:06 1058539                    /usr/lib/x86_64-linux-gnu/libXau.so.6.0.0
7f4acd583000-7f4acd783000 ---p 00002000 08:06 1058539                    /usr/lib/x86_64-linux-gnu/libXau.so.6.0.0
7f4acd783000-7f4acd784000 r--p 00002000 08:06 1058539                    /usr/lib/x86_64-linux-gnu/libXau.so.6.0.0
7f4acd784000-7f4acd785000 rw-p 00003000 08:06 1058539                    /usr/lib/x86_64-linux-gnu/libXau.so.6.0.0
7f4acd785000-7f4acd7a2000 r-xp 00000000 08:06 1059737                    /usr/lib/x86_64-linux-gnu/libxcb.so.1.1.0
7f4acd7a2000-7f4acd9a2000 ---p 0001d000 08:06 1059737                    /usr/lib/x86_64-linux-gnu/libxcb.so.1.1.0
7f4acd9a2000-7f4acd9a3000 r--p 0001d000 08:06 1059737                    /usr/lib/x86_64-linux-gnu/libxcb.so.1.1.0
7f4acd9a3000-7f4acd9a4000 rw-p 0001e000 08:06 1059737                    /usr/lib/x86_64-linux-gnu/libxcb.so.1.1.0
7f4acd9a4000-7f4acdad7000 r-xp 00000000 08:06 1058535                    /usr/lib/x86_64-linux-gnu/libX11.so.6.3.0
7f4acdad7000-7f4acdcd7000 ---p 00133000 08:06 1058535                    /usr/lib/x86_64-linux-gnu/libX11.so.6.3.0
7f4acdcd7000-7f4acdcd8000 r--p 00133000 08:06 1058535                    /usr/lib/x86_64-linux-gnu/libX11.so.6.3.0
7f4acdcd8000-7f4acdcdc000 rw-p 00134000 08:06 1058535                    /usr/lib/x86_64-linux-gnu/libX11.so.6.3.0
7f4acdcdc000-7f4acdcdd000 rw-p 00000000 00:00 0 
7f4acdce5000-7f4acdcf7000 r--s 000c6000 08:06 798995                     /home/asim/AndroidStudioProjects/EarthquakeMap/app/build/intermediates/exploded-aar/com.android.support/support-v4/22.1.1/jars/classes.jar
7f4acdcf7000-7f4acdcf9000 r-xp 00000000 08:06 1054110                    /usr/lib/jayatana/libjayatanaag.so
7f4acdcf9000-7f4acdef8000 ---p 00002000 08:06 1054110                    /usr/lib/jayatana/libjayatanaag.so
7f4acdef8000-7f4acdef9000 r--p 00001000 08:06 1054110                    /usr/lib/jayatana/libjayatanaag.so
7f4acdef9000-7f4acdefa000 rw-p 00002000 08:06 1054110                    /usr/lib/jayatana/libjayatanaag.so
7f4acdefa000-7f4acdefd000 ---p 00000000 00:00 0 
7f4acdefd000-7f4acdffb000 rw-p 00000000 00:00 0                          [stack:23866]
7f4acdffb000-7f4ace6dd000 r--p 00000000 08:06 1057298                    /usr/lib/locale/locale-archive
7f4ace6dd000-7f4ace6e0000 ---p 00000000 00:00 0 
7f4ace6e0000-7f4ace7de000 rw-p 00000000 00:00 0                          [stack:23861]
7f4ace7de000-7f4ace7e1000 ---p 00000000 00:00 0 
7f4ace7e1000-7f4ace8df000 rw-p 00000000 00:00 0                          [stack:23860]
7f4ace8df000-7f4ace8e0000 ---p 00000000 00:00 0 
7f4ace8e0000-7f4acf938000 rw-p 00000000 00:00 0                          [stack:23855]
7f4acf938000-7f4acfae9000 r--s 01d27000 08:06 2889487                    /usr/lib/jvm/java-7-openjdk-amd64/jre/lib/rt.jar
7f4acfae9000-7f4acfe0d000 rw-p 00000000 00:00 0 
7f4acfe0d000-7f4acfe0e000 ---p 00000000 00:00 0 
7f4acfe0e000-7f4acff0e000 rw-p 00000000 00:00 0                          [stack:23848]
7f4acff0e000-7f4acff0f000 ---p 00000000 00:00 0 
7f4acff0f000-7f4ad000f000 rw-p 00000000 00:00 0                          [stack:23846]
7f4ad000f000-7f4ad0010000 ---p 00000000 00:00 0 
7f4ad0010000-7f4ad0110000 rw-p 00000000 00:00 0                          [stack:23841]
7f4ad0110000-7f4ad0111000 ---p 00000000 00:00 0 
7f4ad0111000-7f4ad0225000 rw-p 00000000 00:00 0                          [stack:23837]
7f4ad0225000-7f4ad0367000 rw-p 00000000 00:00 0 
7f4ad0367000-7f4ad0372000 rw-p 00000000 00:00 0 
7f4ad0372000-7f4ad03ba000 rw-p 00000000 00:00 0 
7f4ad03ba000-7f4ad03ce000 rw-p 00000000 00:00 0 
7f4ad03ce000-7f4ad050f000 rw-p 00000000 00:00 0 
7f4ad050f000-7f4ad055d000 rw-p 00000000 00:00 0 
7f4ad055d000-7f4ad05ba000 rw-p 00000000 00:00 0 
7f4ad05ba000-7f4ad05bb000 rw-p 00000000 00:00 0 
7f4ad05bb000-7f4ad088b000 rwxp 00000000 00:00 0 
7f4ad088b000-7f4ad35bb000 rw-p 00000000 00:00 0 
7f4ad35bb000-7f4ad35c3000 r-xp 00000000 08:06 7192                       /usr/lib/jvm/java-7-openjdk-amd64/jre/lib/amd64/libzip.so
7f4ad35c3000-7f4ad37c2000 ---p 00008000 08:06 7192                       /usr/lib/jvm/java-7-openjdk-amd64/jre/lib/amd64/libzip.so
7f4ad37c2000-7f4ad37c3000 r--p 00007000 08:06 7192                       /usr/lib/jvm/java-7-openjdk-amd64/jre/lib/amd64/libzip.so
7f4ad37c3000-7f4ad37c4000 rw-p 00008000 08:06 7192                       /usr/lib/jvm/java-7-openjdk-amd64/jre/lib/amd64/libzip.so
7f4ad37c4000-7f4ad37d0000 r-xp 00000000 08:06 2363895                    /lib/x86_64-linux-gnu/libnss_files-2.21.so
7f4ad37d0000-7f4ad39cf000 ---p 0000c000 08:06 2363895                    /lib/x86_64-linux-gnu/libnss_files-2.21.so
7f4ad39cf000-7f4ad39d0000 r--p 0000b000 08:06 2363895                    /lib/x86_64-linux-gnu/libnss_files-2.21.so
7f4ad39d0000-7f4ad39d1000 rw-p 0000c000 08:06 2363895                    /lib/x86_64-linux-gnu/libnss_files-2.21.so
7f4ad39d1000-7f4ad39dc000 r-xp 00000000 08:06 2363905                    /lib/x86_64-linux-gnu/libnss_nis-2.21.so
7f4ad39dc000-7f4ad3bdb000 ---p 0000b000 08:06 2363905                    /lib/x86_64-linux-gnu/libnss_nis-2.21.so
7f4ad3bdb000-7f4ad3bdc000 r--p 0000a000 08:06 2363905                    /lib/x86_64-linux-gnu/libnss_nis-2.21.so
7f4ad3bdc000-7f4ad3bdd000 rw-p 0000b000 08:06 2363905                    /lib/x86_64-linux-gnu/libnss_nis-2.21.so
7f4ad3bdd000-7f4ad3bf4000 r-xp 00000000 08:06 2363889                    /lib/x86_64-linux-gnu/libnsl-2.21.so
7f4ad3bf4000-7f4ad3df3000 ---p 00017000 08:06 2363889                    /lib/x86_64-linux-gnu/libnsl-2.21.so
7f4ad3df3000-7f4ad3df4000 r--p 00016000 08:06 2363889                    /lib/x86_64-linux-gnu/libnsl-2.21.so
7f4ad3df4000-7f4ad3df5000 rw-p 00017000 08:06 2363889                    /lib/x86_64-linux-gnu/libnsl-2.21.so
7f4ad3df5000-7f4ad3df7000 rw-p 00000000 00:00 0 
7f4ad3df7000-7f4ad3dff000 r-xp 00000000 08:06 2363891                    /lib/x86_64-linux-gnu/libnss_compat-2.21.so
7f4ad3dff000-7f4ad3ffe000 ---p 00008000 08:06 2363891                    /lib/x86_64-linux-gnu/libnss_compat-2.21.so
7f4ad3ffe000-7f4ad3fff000 r--p 00007000 08:06 2363891                    /lib/x86_64-linux-gnu/libnss_compat-2.21.so
7f4ad3fff000-7f4ad4000000 rw-p 00008000 08:06 2363891                    /lib/x86_64-linux-gnu/libnss_compat-2.21.so
7f4ad4000000-7f4ad42d4000 rw-p 00000000 00:00 0 
7f4ad42d4000-7f4ad8000000 ---p 00000000 00:00 0 
7f4ad8008000-7f4ad8017000 r--s 000dd000 08:06 2759675                    /home/asim/Android/Sdk/build-tools/22.0.1/lib/dx.jar
7f4ad8017000-7f4ad8022000 rw-p 00000000 00:00 0 
7f4ad8022000-7f4ad806a000 rw-p 00000000 00:00 0 
7f4ad806a000-7f4ad8074000 r-xp 00000000 08:06 7178                       /usr/lib/jvm/java-7-openjdk-amd64/jre/lib/amd64/libinstrument.so
7f4ad8074000-7f4ad8273000 ---p 0000a000 08:06 7178                       /usr/lib/jvm/java-7-openjdk-amd64/jre/lib/amd64/libinstrument.so
7f4ad8273000-7f4ad8274000 r--p 00009000 08:06 7178                       /usr/lib/jvm/java-7-openjdk-amd64/jre/lib/amd64/libinstrument.so
7f4ad8274000-7f4ad8275000 rw-p 0000a000 08:06 7178                       /usr/lib/jvm/java-7-openjdk-amd64/jre/lib/amd64/libinstrument.so
7f4ad8275000-7f4ad82a2000 r-xp 00000000 08:06 7201                       /usr/lib/jvm/java-7-openjdk-amd64/jre/lib/amd64/libjava.so
7f4ad82a2000-7f4ad84a1000 ---p 0002d000 08:06 7201                       /usr/lib/jvm/java-7-openjdk-amd64/jre/lib/amd64/libjava.so
7f4ad84a1000-7f4ad84a2000 r--p 0002c000 08:06 7201                       /usr/lib/jvm/java-7-openjdk-amd64/jre/lib/amd64/libjava.so
7f4ad84a2000-7f4ad84a4000 rw-p 0002d000 08:06 7201                       /usr/lib/jvm/java-7-openjdk-amd64/jre/lib/amd64/libjava.so
7f4ad84a4000-7f4ad84b3000 r-xp 00000000 08:06 7195                       /usr/lib/jvm/java-7-openjdk-amd64/jre/lib/amd64/libverify.so
7f4ad84b3000-7f4ad86b2000 ---p 0000f000 08:06 7195                       /usr/lib/jvm/java-7-openjdk-amd64/jre/lib/amd64/libverify.so
7f4ad86b2000-7f4ad86b5000 r--p 0000e000 08:06 7195                       /usr/lib/jvm/java-7-openjdk-amd64/jre/lib/amd64/libverify.so
7f4ad86b5000-7f4ad86b6000 rw-p 00011000 08:06 7195                       /usr/lib/jvm/java-7-openjdk-amd64/jre/lib/amd64/libverify.so
7f4ad86b6000-7f4ad86bd000 r-xp 00000000 08:06 2363950                    /lib/x86_64-linux-gnu/librt-2.21.so
7f4ad86bd000-7f4ad88bc000 ---p 00007000 08:06 2363950                    /lib/x86_64-linux-gnu/librt-2.21.so
7f4ad88bc000-7f4ad88bd000 r--p 00006000 08:06 2363950                    /lib/x86_64-linux-gnu/librt-2.21.so
7f4ad88bd000-7f4ad88be000 rw-p 00007000 08:06 2363950                    /lib/x86_64-linux-gnu/librt-2.21.so
7f4ad88be000-7f4ad88d4000 r-xp 00000000 08:06 2363838                    /lib/x86_64-linux-gnu/libgcc_s.so.1
7f4ad88d4000-7f4ad8ad3000 ---p 00016000 08:06 2363838                    /lib/x86_64-linux-gnu/libgcc_s.so.1
7f4ad8ad3000-7f4ad8ad4000 rw-p 00015000 08:06 2363838                    /lib/x86_64-linux-gnu/libgcc_s.so.1
7f4ad8ad4000-7f4ad8bdb000 r-xp 00000000 08:06 2363868                    /lib/x86_64-linux-gnu/libm-2.21.so
7f4ad8bdb000-7f4ad8dda000 ---p 00107000 08:06 2363868                    /lib/x86_64-linux-gnu/libm-2.21.so
7f4ad8dda000-7f4ad8ddb000 r--p 00106000 08:06 2363868                    /lib/x86_64-linux-gnu/libm-2.21.so
7f4ad8ddb000-7f4ad8ddc000 rw-p 00107000 08:06 2363868                    /lib/x86_64-linux-gnu/libm-2.21.so
7f4ad8ddc000-7f4ad8ecc000 r-xp 00000000 08:06 1059531                    /usr/lib/x86_64-linux-gnu/libstdc++.so.6.0.20
7f4ad8ecc000-7f4ad90cc000 ---p 000f0000 08:06 1059531                    /usr/lib/x86_64-linux-gnu/libstdc++.so.6.0.20
7f4ad90cc000-7f4ad90d4000 r--p 000f0000 08:06 1059531                    /usr/lib/x86_64-linux-gnu/libstdc++.so.6.0.20
7f4ad90d4000-7f4ad90d6000 rw-p 000f8000 08:06 1059531                    /usr/lib/x86_64-linux-gnu/libstdc++.so.6.0.20
7f4ad90d6000-7f4ad90eb000 rw-p 00000000 00:00 0 
7f4ad90eb000-7f4ad9c42000 r-xp 00000000 08:06 139396                     /usr/lib/jvm/java-7-openjdk-amd64/jre/lib/amd64/server/libjvm.so
7f4ad9c42000-7f4ad9e41000 ---p 00b57000 08:06 139396                     /usr/lib/jvm/java-7-openjdk-amd64/jre/lib/amd64/server/libjvm.so
7f4ad9e41000-7f4ad9ee0000 r--p 00b56000 08:06 139396                     /usr/lib/jvm/java-7-openjdk-amd64/jre/lib/amd64/server/libjvm.so
7f4ad9ee0000-7f4ad9f03000 rw-p 00bf5000 08:06 139396                     /usr/lib/jvm/java-7-openjdk-amd64/jre/lib/amd64/server/libjvm.so
7f4ad9f03000-7f4ad9f30000 rw-p 00000000 00:00 0 
7f4ad9f30000-7f4ad9f49000 r-xp 00000000 08:06 2363983                    /lib/x86_64-linux-gnu/libz.so.1.2.8
7f4ad9f49000-7f4ada149000 ---p 00019000 08:06 2363983                    /lib/x86_64-linux-gnu/libz.so.1.2.8
7f4ada149000-7f4ada14a000 r--p 00019000 08:06 2363983                    /lib/x86_64-linux-gnu/libz.so.1.2.8
7f4ada14a000-7f4ada14b000 rw-p 0001a000 08:06 2363983                    /lib/x86_64-linux-gnu/libz.so.1.2.8
7f4ada14b000-7f4ada163000 r-xp 00000000 08:06 2363942                    /lib/x86_64-linux-gnu/libpthread-2.21.so
7f4ada163000-7f4ada363000 ---p 00018000 08:06 2363942                    /lib/x86_64-linux-gnu/libpthread-2.21.so
7f4ada363000-7f4ada364000 r--p 00018000 08:06 2363942                    /lib/x86_64-linux-gnu/libpthread-2.21.so
7f4ada364000-7f4ada365000 rw-p 00019000 08:06 2363942                    /lib/x86_64-linux-gnu/libpthread-2.21.so
7f4ada365000-7f4ada369000 rw-p 00000000 00:00 0 
7f4ada369000-7f4ada36c000 r-xp 00000000 08:06 2363826                    /lib/x86_64-linux-gnu/libdl-2.21.so
7f4ada36c000-7f4ada56b000 ---p 00003000 08:06 2363826                    /lib/x86_64-linux-gnu/libdl-2.21.so
7f4ada56b000-7f4ada56c000 r--p 00002000 08:06 2363826                    /lib/x86_64-linux-gnu/libdl-2.21.so
7f4ada56c000-7f4ada56d000 rw-p 00003000 08:06 2363826                    /lib/x86_64-linux-gnu/libdl-2.21.so
7f4ada56d000-7f4ada72d000 r-xp 00000000 08:06 2363809                    /lib/x86_64-linux-gnu/libc-2.21.so
7f4ada72d000-7f4ada92d000 ---p 001c0000 08:06 2363809                    /lib/x86_64-linux-gnu/libc-2.21.so
7f4ada92d000-7f4ada931000 r--p 001c0000 08:06 2363809                    /lib/x86_64-linux-gnu/libc-2.21.so
7f4ada931000-7f4ada933000 rw-p 001c4000 08:06 2363809                    /lib/x86_64-linux-gnu/libc-2.21.so
7f4ada933000-7f4ada937000 rw-p 00000000 00:00 0 
7f4ada937000-7f4ada944000 r-xp 00000000 08:06 139399                     /usr/lib/jvm/java-7-openjdk-amd64/jre/lib/amd64/jli/libjli.so
7f4ada944000-7f4adab43000 ---p 0000d000 08:06 139399                     /usr/lib/jvm/java-7-openjdk-amd64/jre/lib/amd64/jli/libjli.so
7f4adab43000-7f4adab44000 r--p 0000c000 08:06 139399                     /usr/lib/jvm/java-7-openjdk-amd64/jre/lib/amd64/jli/libjli.so
7f4adab44000-7f4adab45000 rw-p 0000d000 08:06 139399                     /usr/lib/jvm/java-7-openjdk-amd64/jre/lib/amd64/jli/libjli.so
7f4adab45000-7f4adab69000 r-xp 00000000 08:06 2363781                    /lib/x86_64-linux-gnu/ld-2.21.so
7f4adab69000-7f4adab6a000 rw-p 00000000 00:00 0 
7f4adab6a000-7f4adab6b000 r--s 00000000 08:06 1454286                    /usr/share/java/jayatanaag.jar
7f4adab6b000-7f4adab6d000 r--s 00006000 08:06 1456043                    /usr/share/java/java-atk-wrapper.jar
7f4adab6d000-7f4adab6e000 r--s 00002000 08:06 270703                     /usr/lib/jvm/java-7-openjdk-amd64/jre/lib/ext/dnsns.jar
7f4adab6e000-7f4adab92000 rw-p 00000000 00:00 0 
7f4adab92000-7f4adac46000 rw-p 00000000 00:00 0 
7f4adac46000-7f4adac49000 ---p 00000000 00:00 0 
7f4adac49000-7f4adad4c000 rw-p 00000000 00:00 0                          [stack:23833]
7f4adad4c000-7f4adad4f000 r--s 0000f000 08:06 270699                     /usr/lib/jvm/java-7-openjdk-amd64/jre/lib/ext/icedtea-sound.jar
7f4adad4f000-7f4adad53000 r--s 00034000 08:06 270701                     /usr/lib/jvm/java-7-openjdk-amd64/jre/lib/ext/sunjce_provider.jar
7f4adad53000-7f4adad56000 r--s 00086000 08:06 270704                     /usr/lib/jvm/java-7-openjdk-amd64/jre/lib/ext/localedata.jar
7f4adad56000-7f4adad5a000 r--s 0003c000 08:06 270702                     /usr/lib/jvm/java-7-openjdk-amd64/jre/lib/ext/sunpkcs11.jar
7f4adad5a000-7f4adad5c000 r--s 00012000 08:06 270700                     /usr/lib/jvm/java-7-openjdk-amd64/jre/lib/ext/zipfs.jar
7f4adad5c000-7f4adad64000 rw-s 00000000 08:06 145417                     /tmp/hsperfdata_asim/23819
7f4adad64000-7f4adad65000 rw-p 00000000 00:00 0 
7f4adad65000-7f4adad66000 ---p 00000000 00:00 0 
7f4adad66000-7f4adad68000 rw-p 00000000 00:00 0 
7f4adad68000-7f4adad69000 r--p 00023000 08:06 2363781                    /lib/x86_64-linux-gnu/ld-2.21.so
7f4adad69000-7f4adad6a000 rw-p 00024000 08:06 2363781                    /lib/x86_64-linux-gnu/ld-2.21.so
7f4adad6a000-7f4adad6b000 rw-p 00000000 00:00 0 
7fff328cc000-7fff328ed000 rw-p 00000000 00:00 0                          [stack]
7fff3293e000-7fff32940000 r--p 00000000 00:00 0                          [vvar]
7fff32940000-7fff32942000 r-xp 00000000 00:00 0                          [vdso]
ffffffffff600000-ffffffffff601000 r-xp 00000000 00:00 0                  [vsyscall]

VM Arguments:
jvm_args: -javaagent:/usr/share/java/jayatanaag.jar -Xmx1024M -Dfile.encoding=UTF-8 -Duser.country=US -Duser.language=en -Duser.variant 
java_command: com.android.dx.command.Main --dex --output /home/asim/AndroidStudioProjects/EarthquakeMap/app/build/intermediates/pre-dexed/debug/classes-6e1d6966dbcbc21f8b3eafed6dd31508b21f24ba.jar /home/asim/AndroidStudioProjects/EarthquakeMap/app/build/intermediates/exploded-aar/com.android.support/support-v4/22.1.1/jars/classes.jar
Launcher Type: SUN_STANDARD

Environment Variables:
JAVA_TOOL_OPTIONS=-javaagent:/usr/share/java/jayatanaag.jar 
PATH=/usr/local/sbin:/usr/local/bin:/usr/sbin:/usr/bin:/sbin:/bin:/usr/games:/usr/local/games
LD_LIBRARY_PATH=/opt/android-studio/bin:
SHELL=/bin/bash
DISPLAY=:0

Signal Handlers:
SIGSEGV: [libjvm.so+0x98abe0], sa_mask[0]=0x7ffbfeff, sa_flags=0x10000004
SIGBUS: [libjvm.so+0x98abe0], sa_mask[0]=0x7ffbfeff, sa_flags=0x10000004
SIGFPE: [libjvm.so+0x7f8a60], sa_mask[0]=0x7ffbfeff, sa_flags=0x10000004
SIGPIPE: [libjvm.so+0x7f8a60], sa_mask[0]=0x7ffbfeff, sa_flags=0x10000004
SIGXFSZ: [libjvm.so+0x7f8a60], sa_mask[0]=0x7ffbfeff, sa_flags=0x10000004
SIGILL: [libjvm.so+0x7f8a60], sa_mask[0]=0x7ffbfeff, sa_flags=0x10000004
SIGUSR1: SIG_DFL, sa_mask[0]=0x00000000, sa_flags=0x00000000
SIGUSR2: [libjvm.so+0x7f88e0], sa_mask[0]=0x00000004, sa_flags=0x10000004
SIGHUP: [libjvm.so+0x7f8ae0], sa_mask[0]=0x7ffbfeff, sa_flags=0x10000004
SIGINT: [libjvm.so+0x7f8ae0], sa_mask[0]=0x7ffbfeff, sa_flags=0x10000004
SIGTERM: [libjvm.so+0x7f8ae0], sa_mask[0]=0x7ffbfeff, sa_flags=0x10000004
SIGQUIT: [libjvm.so+0x7f8ae0], sa_mask[0]=0x7ffbfeff, sa_flags=0x10000004
SIGTRAP: SIG_DFL, sa_mask[0]=0x00000000, sa_flags=0x00000000


---------------  S Y S T E M  ---------------

OS:Ubuntu 15.04 (vivid)
uname:Linux 3.19.0-21-generic #21-Ubuntu SMP Sun Jun 14 18:31:11 UTC 2015 x86_64
libc:glibc 2.21 NPTL 2.21 
rlimit: STACK 8192k, CORE 0k, NPROC 15324, NOFILE 65536, AS infinity
load average:2.39 0.90 0.72

/proc/meminfo:
MemTotal:        3945476 kB
MemFree:          119768 kB
MemAvailable:      99524 kB
Buffers:            2684 kB
Cached:           408976 kB
SwapCached:         1272 kB
Active:          2647768 kB
Inactive:        1000068 kB
Active(anon):    2604256 kB
Inactive(anon):   961372 kB
Active(file):      43512 kB
Inactive(file):    38696 kB
Unevictable:          32 kB
Mlocked:              32 kB
SwapTotal:         64508 kB
SwapFree:              0 kB
Dirty:               240 kB
Writeback:             0 kB
AnonPages:       3235356 kB
Mapped:           191844 kB
Shmem:            329068 kB
Slab:              85280 kB
SReclaimable:      46248 kB
SUnreclaim:        39032 kB
KernelStack:       11552 kB
PageTables:        46304 kB
NFS_Unstable:          0 kB
Bounce:                0 kB
WritebackTmp:          0 kB
CommitLimit:     2037244 kB
Committed_AS:    8804236 kB
VmallocTotal:   34359738367 kB
VmallocUsed:      348612 kB
VmallocChunk:   34359362996 kB
HardwareCorrupted:     0 kB
AnonHugePages:   1142784 kB
CmaTotal:              0 kB
CmaFree:               0 kB
HugePages_Total:       0
HugePages_Free:        0
HugePages_Rsvd:        0
HugePages_Surp:        0
Hugepagesize:       2048 kB
DirectMap4k:      488696 kB
DirectMap2M:     3604480 kB


CPU:total 4 (2 cores per cpu, 2 threads per core) family 6 model 58 stepping 9, cmov, cx8, fxsr, mmx, sse, sse2, sse3, ssse3, sse4.1, sse4.2, popcnt, avx, erms, ht, tsc, tscinvbit, tscinv

/proc/cpuinfo:
processor	: 0
vendor_id	: GenuineIntel
cpu family	: 6
model		: 58
model name	: Intel(R) Core(TM) i3-3110M CPU @ 2.40GHz
stepping	: 9
microcode	: 0x1b
cpu MHz		: 2399.906
cache size	: 3072 KB
physical id	: 0
siblings	: 4
core id		: 0
cpu cores	: 2
apicid		: 0
initial apicid	: 0
fpu		: yes
fpu_exception	: yes
cpuid level	: 13
wp		: yes
flags		: fpu vme de pse tsc msr pae mce cx8 apic sep mtrr pge mca cmov pat pse36 clflush dts acpi mmx fxsr sse sse2 ss ht tm pbe syscall nx rdtscp lm constant_tsc arch_perfmon pebs bts rep_good nopl xtopology nonstop_tsc aperfmperf eagerfpu pni pclmulqdq dtes64 monitor ds_cpl vmx est tm2 ssse3 cx16 xtpr pdcm pcid sse4_1 sse4_2 x2apic popcnt tsc_deadline_timer xsave avx f16c lahf_lm arat epb pln pts dtherm tpr_shadow vnmi flexpriority ept vpid fsgsbase smep erms xsaveopt
bugs		:
bogomips	: 4788.99
clflush size	: 64
cache_alignment	: 64
address sizes	: 36 bits physical, 48 bits virtual
power management:

processor	: 1
vendor_id	: GenuineIntel
cpu family	: 6
model		: 58
model name	: Intel(R) Core(TM) i3-3110M CPU @ 2.40GHz
stepping	: 9
microcode	: 0x1b
cpu MHz		: 2399.906
cache size	: 3072 KB
physical id	: 0
siblings	: 4
core id		: 0
cpu cores	: 2
apicid		: 1
initial apicid	: 1
fpu		: yes
fpu_exception	: yes
cpuid level	: 13
wp		: yes
flags		: fpu vme de pse tsc msr pae mce cx8 apic sep mtrr pge mca cmov pat pse36 clflush dts acpi mmx fxsr sse sse2 ss ht tm pbe syscall nx rdtscp lm constant_tsc arch_perfmon pebs bts rep_good nopl xtopology nonstop_tsc aperfmperf eagerfpu pni pclmulqdq dtes64 monitor ds_cpl vmx est tm2 ssse3 cx16 xtpr pdcm pcid sse4_1 sse4_2 x2apic popcnt tsc_deadline_timer xsave avx f16c lahf_lm arat epb pln pts dtherm tpr_shadow vnmi flexpriority ept vpid fsgsbase smep erms xsaveopt
bugs		:
bogomips	: 4788.99
clflush size	: 64
cache_alignment	: 64
address sizes	: 36 bits physical, 48 bits virtual
power management:

processor	: 2
vendor_id	: GenuineIntel
cpu family	: 6
model		: 58
model name	: Intel(R) Core(TM) i3-3110M CPU @ 2.40GHz
stepping	: 9
microcode	: 0x1b
cpu MHz		: 2400.000
cache size	: 3072 KB
physical id	: 0
siblings	: 4
core id		: 1
cpu cores	: 2
apicid		: 2
initial apicid	: 2
fpu		: yes
fpu_exception	: yes
cpuid level	: 13
wp		: yes
flags		: fpu vme de pse tsc msr pae mce cx8 apic sep mtrr pge mca cmov pat pse36 clflush dts acpi mmx fxsr sse sse2 ss ht tm pbe syscall nx rdtscp lm constant_tsc arch_perfmon pebs bts rep_good nopl xtopology nonstop_tsc aperfmperf eagerfpu pni pclmulqdq dtes64 monitor ds_cpl vmx est tm2 ssse3 cx16 xtpr pdcm pcid sse4_1 sse4_2 x2apic popcnt tsc_deadline_timer xsave avx f16c lahf_lm arat epb pln pts dtherm tpr_shadow vnmi flexpriority ept vpid fsgsbase smep erms xsaveopt
bugs		:
bogomips	: 4788.99
clflush size	: 64
cache_alignment	: 64
address sizes	: 36 bits physical, 48 bits virtual
power management:

processor	: 3
vendor_id	: GenuineIntel
cpu family	: 6
model		: 58
model name	: Intel(R) Core(TM) i3-3110M CPU @ 2.40GHz
stepping	: 9
microcode	: 0x1b
cpu MHz		: 2400.000
cache size	: 3072 KB
physical id	: 0
siblings	: 4
core id		: 1
cpu cores	: 2
apicid		: 3
initial apicid	: 3
fpu		: yes
fpu_exception	: yes
cpuid level	: 13
wp		: yes
flags		: fpu vme de pse tsc msr pae mce cx8 apic sep mtrr pge mca cmov pat pse36 clflush dts acpi mmx fxsr sse sse2 ss ht tm pbe syscall nx rdtscp lm constant_tsc arch_perfmon pebs bts rep_good nopl xtopology nonstop_tsc aperfmperf eagerfpu pni pclmulqdq dtes64 monitor ds_cpl vmx est tm2 ssse3 cx16 xtpr pdcm pcid sse4_1 sse4_2 x2apic popcnt tsc_deadline_timer xsave avx f16c lahf_lm arat epb pln pts dtherm tpr_shadow vnmi flexpriority ept vpid fsgsbase smep erms xsaveopt
bugs		:
bogomips	: 4788.99
clflush size	: 64
cache_alignment	: 64
address sizes	: 36 bits physical, 48 bits virtual
power management:



Memory: 4k page, physical 3945476k(119768k free), swap 64508k(0k free)

vm_info: OpenJDK 64-Bit Server VM (24.79-b02) for linux-amd64 JRE (1.7.0_79-b14), built on Apr 15 2015 21:06:31 by "buildd" with gcc 4.9.2

time: Sun Jun 28 21:00:49 2015
elapsed time: 13 seconds

